  utf-8.c
  Tree.c
  Thread.c
  StackTrace.c
  SSLSocket.c
  SocketBuffer.c
  Socket.c
  MQTTVersion.c
  MQTTProtocolOut.c
  MQTTProtocolClient.c
  MQTTPersistenceDefault.c
  MQTTPersistence.c
  MQTTPacketOut.c
  MQTTPacket.c
  MQTTAsync.c
  Messages.c
  Log.c
  LinkedList.c
  Heap.c
  Clients.c
  正在生成代码...
    正在创建库 E:\Engineer\MQTT\c\paho.mqtt.c\Windows Build\Debug\paho-mqtt3a.lib 和对象 E:\Engineer\MQTT\c\paho.mqtt.c\Windows Build\Debug\paho-mqtt3a.exp
  paho-mqtt3a.vcxproj -> E:\Engineer\MQTT\c\paho.mqtt.c\Windows Build\Debug\paho-mqtt3a.dll
